<?xml version="1.0" encoding="UTF-8"?>
<!-- Generated by org.testng.reporters.JUnitReportReporter -->
<testsuite hostname="INW1PF0MPW4J" failures="0" tests="1" name="org.Billie.Test.verifyComment" time="0.008" errors="0" timestamp="26 Jun 2018 19:49:35 GMT" skipped="0">
  <testcase classname="org.Billie.Test.verifyComment" name="verifyCommentCountForID" time="0.008"/>
</testsuite> <!-- org.Billie.Test.verifyComment -->
