<?xml version="1.0" encoding="UTF-8"?>
<!-- Generated by org.testng.reporters.JUnitReportReporter -->
<testsuite hostname="INW1PF0MPW4J" failures="0" tests="1" name="org.Billie.Test.VerifyCommentCounts" time="0.016" errors="0" timestamp="26 Jun 2018 22:24:06 GMT" skipped="0">
  <testcase classname="org.Billie.Test.VerifyCommentCounts" name="verifyCommentCountForID" time="0.016"/>
</testsuite> <!-- org.Billie.Test.VerifyCommentCounts -->
