<?xml version="1.0" encoding="UTF-8"?>
<!-- Generated by org.testng.reporters.JUnitReportReporter -->
<testsuite hostname="INW1PF0MPW4J" failures="0" tests="1" name="org.Billie.Test.TestClass1" time="0.009" errors="0" timestamp="26 Jun 2018 19:33:47 GMT" skipped="0">
  <testcase classname="org.Billie.Test.TestClass1" name="verifyCommentCoutForID" time="0.009"/>
</testsuite> <!-- org.Billie.Test.TestClass1 -->
